<?xml version="1.0" encoding="UTF-8"?>
<!-- Generated by org.testng.reporters.JUnitReportReporter -->
<testsuite skipped="9" hostname="DESKTOP-NGFOF13" name="testNG_sel_app_form.Test_sel_app_form" tests="10" failures="0" timestamp="2020-04-26T14:53:08 IST" time="3.557" errors="1">
  <testcase name="launching_webbrowser" time="3.556" classname="testNG_sel_app_form.Test_sel_app_form">
    <error type="org.openqa.selenium.SessionNotCreatedException" message="session not created: This version of ChromeDriver only supports Chrome version 79
Build info: version: &#039;3.141.59&#039;, revision: &#039;e82be7d358&#039;, time: &#039;2018-11-14T08:17:03&#039;
System info: host: &#039;DESKTOP-NGFOF13&#039;, ip: &#039;192.168.2.14&#039;, os.name: &#039;Windows 10&#039;, os.arch: &#039;amd64&#039;, os.version: &#039;10.0&#039;, java.version: &#039;1.8.0_221&#039;
Driver info: driver.version: ChromeDriver
remote stacktrace: Backtrace:
	Ordinal0 [0x00FBA113+1548563]
	Ordinal0 [0x00F3DDA1+1039777]
	Ordinal0 [0x00EBE485+517253]
	Ordinal0 [0x00E4FD34+64820]
	Ordinal0 [0x00E4C61E+50718]
	Ordinal0 [0x00E6B797+178071]
	Ordinal0 [0x00E6B59D+177565]
	Ordinal0 [0x00E695FB+169467]
	Ordinal0 [0x00E5160A+71178]
	Ordinal0 [0x00E52690+75408]
	Ordinal0 [0x00E52629+75305]
	Ordinal0 [0x00F571B7+1143223]
	GetHandleVerifier [0x01052B46+507814]
	GetHandleVerifier [0x01052864+507076]
	GetHandleVerifier [0x01059F47+537511]
	GetHandleVerifier [0x01053402+510050]
	Ordinal0 [0x00F4F29C+1110684]
	Ordinal0 [0x00F5938B+1151883]
	Ordinal0 [0x00F594F3+1152243]
	Ordinal0 [0x00F583F5+1147893]
	BaseThreadInitThunk [0x770E8494+36]
	RtlAreBitsSet [0x77424328+136]
	RtlAreBitsSet [0x774242F8+88]
">
      <![CDATA[org.openqa.selenium.SessionNotCreatedException: session not created: This version of ChromeDriver only supports Chrome version 79
Build info: version: '3.141.59', revision: 'e82be7d358', time: '2018-11-14T08:17:03'
System info: host: 'DESKTOP-NGFOF13', ip: '192.168.2.14', os.name: 'Windows 10', os.arch: 'amd64', os.version: '10.0', java.version: '1.8.0_221'
Driver info: driver.version: ChromeDriver
remote stacktrace: Backtrace:
Ordinal0 [0x00FBA113+1548563]
Ordinal0 [0x00F3DDA1+1039777]
Ordinal0 [0x00EBE485+517253]
Ordinal0 [0x00E4FD34+64820]
Ordinal0 [0x00E4C61E+50718]
Ordinal0 [0x00E6B797+178071]
Ordinal0 [0x00E6B59D+177565]
Ordinal0 [0x00E695FB+169467]
Ordinal0 [0x00E5160A+71178]
Ordinal0 [0x00E52690+75408]
Ordinal0 [0x00E52629+75305]
Ordinal0 [0x00F571B7+1143223]
GetHandleVerifier [0x01052B46+507814]
GetHandleVerifier [0x01052864+507076]
GetHandleVerifier [0x01059F47+537511]
GetHandleVerifier [0x01053402+510050]
Ordinal0 [0x00F4F29C+1110684]
Ordinal0 [0x00F5938B+1151883]
Ordinal0 [0x00F594F3+1152243]
Ordinal0 [0x00F583F5+1147893]
BaseThreadInitThunk [0x770E8494+36]
RtlAreBitsSet [0x77424328+136]
RtlAreBitsSet [0x774242F8+88]

at sun.reflect.NativeConstructorAccessorImpl.newInstance0(Native Method)
at sun.reflect.NativeConstructorAccessorImpl.newInstance(Unknown Source)
at sun.reflect.DelegatingConstructorAccessorImpl.newInstance(Unknown Source)
at java.lang.reflect.Constructor.newInstance(Unknown Source)
at org.openqa.selenium.remote.W3CHandshakeResponse.lambda$errorHandler$0(W3CHandshakeResponse.java:62)
at org.openqa.selenium.remote.HandshakeResponse.lambda$getResponseFunction$0(HandshakeResponse.java:30)
at org.openqa.selenium.remote.ProtocolHandshake.lambda$createSession$0(ProtocolHandshake.java:126)
at java.util.stream.ReferencePipeline$3$1.accept(Unknown Source)
at java.util.Spliterators$ArraySpliterator.tryAdvance(Unknown Source)
at java.util.stream.ReferencePipeline.forEachWithCancel(Unknown Source)
at java.util.stream.AbstractPipeline.copyIntoWithCancel(Unknown Source)
at java.util.stream.AbstractPipeline.copyInto(Unknown Source)
at java.util.stream.AbstractPipeline.wrapAndCopyInto(Unknown Source)
at java.util.stream.FindOps$FindOp.evaluateSequential(Unknown Source)
at java.util.stream.AbstractPipeline.evaluate(Unknown Source)
at java.util.stream.ReferencePipeline.findFirst(Unknown Source)
at org.openqa.selenium.remote.ProtocolHandshake.createSession(ProtocolHandshake.java:128)
at org.openqa.selenium.remote.ProtocolHandshake.createSession(ProtocolHandshake.java:74)
at org.openqa.selenium.remote.HttpCommandExecutor.execute(HttpCommandExecutor.java:136)
at org.openqa.selenium.remote.service.DriverCommandExecutor.execute(DriverCommandExecutor.java:83)
at org.openqa.selenium.remote.RemoteWebDriver.execute(RemoteWebDriver.java:552)
at org.openqa.selenium.remote.RemoteWebDriver.startSession(RemoteWebDriver.java:213)
at org.openqa.selenium.remote.RemoteWebDriver.<init>(RemoteWebDriver.java:131)
at org.openqa.selenium.chrome.ChromeDriver.<init>(ChromeDriver.java:181)
at org.openqa.selenium.chrome.ChromeDriver.<init>(ChromeDriver.java:168)
at org.openqa.selenium.chrome.ChromeDriver.<init>(ChromeDriver.java:123)
at allbasesset.Baseclass.launchwebdriver(Baseclass.java:37)
at testNG_sel_app_form.Test_sel_app_form.launching_webbrowser(Test_sel_app_form.java:22)
at sun.reflect.NativeMethodAccessorImpl.invoke0(Native Method)
at sun.reflect.NativeMethodAccessorImpl.invoke(Unknown Source)
at sun.reflect.DelegatingMethodAccessorImpl.invoke(Unknown Source)
at java.lang.reflect.Method.invoke(Unknown Source)
at org.testng.internal.MethodInvocationHelper.invokeMethod(MethodInvocationHelper.java:133)
at org.testng.internal.MethodInvocationHelper.invokeMethodConsideringTimeout(MethodInvocationHelper.java:62)
at org.testng.internal.ConfigInvoker.invokeConfigurationMethod(ConfigInvoker.java:340)
at org.testng.internal.ConfigInvoker.invokeConfigurations(ConfigInvoker.java:294)
at org.testng.TestRunner.invokeTestConfigurations(TestRunner.java:623)
at org.testng.TestRunner.beforeRun(TestRunner.java:613)
at org.testng.TestRunner.run(TestRunner.java:584)
at org.testng.SuiteRunner.runTest(SuiteRunner.java:402)
at org.testng.SuiteRunner.runSequentially(SuiteRunner.java:396)
at org.testng.SuiteRunner.privateRun(SuiteRunner.java:355)
at org.testng.SuiteRunner.run(SuiteRunner.java:304)
at org.testng.SuiteRunnerWorker.runSuite(SuiteRunnerWorker.java:53)
at org.testng.SuiteRunnerWorker.run(SuiteRunnerWorker.java:96)
at org.testng.TestNG.runSuitesSequentially(TestNG.java:1180)
at org.testng.TestNG.runSuitesLocally(TestNG.java:1102)
at org.testng.TestNG.runSuites(TestNG.java:1032)
at org.testng.TestNG.run(TestNG.java:1000)
at org.testng.remote.AbstractRemoteTestNG.run(AbstractRemoteTestNG.java:115)
at org.testng.remote.RemoteTestNG.initAndRun(RemoteTestNG.java:251)
at org.testng.remote.RemoteTestNG.main(RemoteTestNG.java:77)
]]>
    </error>
  </testcase> <!-- launching_webbrowser -->
  <testcase name="Enter_first_FirstName_lastname" time="0.000" classname="testNG_sel_app_form.Test_sel_app_form">
    <skipped/>
  </testcase> <!-- Enter_first_FirstName_lastname -->
  <testcase name="gettitle" time="0.000" classname="testNG_sel_app_form.Test_sel_app_form">
    <skipped/>
  </testcase> <!-- gettitle -->
  <testcase name="check_radio_button_male" time="0.000" classname="testNG_sel_app_form.Test_sel_app_form">
    <skipped/>
  </testcase> <!-- check_radio_button_male -->
  <testcase name="check_radio_button_female" time="0.001" classname="testNG_sel_app_form.Test_sel_app_form">
    <skipped/>
  </testcase> <!-- check_radio_button_female -->
  <testcase name="check_radio_exp_button" time="0.000" classname="testNG_sel_app_form.Test_sel_app_form">
    <skipped/>
  </testcase> <!-- check_radio_exp_button -->
  <testcase name="date" time="0.000" classname="testNG_sel_app_form.Test_sel_app_form">
    <skipped/>
  </testcase> <!-- date -->
  <testcase name="prof_check_b0x" time="0.000" classname="testNG_sel_app_form.Test_sel_app_form">
    <skipped/>
  </testcase> <!-- prof_check_b0x -->
  <testcase name="Continents_dropdown" time="0.000" classname="testNG_sel_app_form.Test_sel_app_form">
    <skipped/>
  </testcase> <!-- Continents_dropdown -->
  <testcase name="click_on_selnoum_menu" time="0.000" classname="testNG_sel_app_form.Test_sel_app_form">
    <skipped/>
  </testcase> <!-- click_on_selnoum_menu -->
</testsuite> <!-- testNG_sel_app_form.Test_sel_app_form -->
